<?xml version="1.0" encoding="UTF-8"?>
<testsuite xmlns:xsi="http://www.w3.org/2001/XMLSchema-instance" xsi:noNamespaceSchemaLocation="https://maven.apache.org/surefire/maven-surefire-plugin/xsd/surefire-test-report-3.0.xsd" version="3.0" name="com.bonitasoft.presales.connector.connectorRabbitMQTest" time="0.051" tests="2" errors="0" skipped="0" failures="0">
  <properties>
[...]
</properties>
  <testcase name="testValidateInputParameters_validInputs" classname="com.bonitasoft.presales.connector.connectorRabbitMQTest" time="0.028"/>
  <testcase name="testValidateInputParameters_invalidHost" classname="com.bonitasoft.presales.connector.connectorRabbitMQTest" time="0.004"/>
</testsuite>