<?xml version="1.0" encoding="UTF-8"?>
<testsuite xmlns:xsi="http://www.w3.org/2001/XMLSchema-instance" xsi:noNamespaceSchemaLocation="https://maven.apache.org/surefire/maven-surefire-plugin/xsd/surefire-test-report-3.0.xsd" version="3.0" name="com.bonitasoft.processbuilder.filter.ActionBasedTaskAssignationFilterTest" time="2.517" tests="3" errors="0" skipped="0" failures="0">
  <properties>
[...]
</properties>
  <testcase name="validateInputParameters_should_throw_exception_if_input_is_malformed_json" classname="com.bonitasoft.processbuilder.filter.ActionBasedTaskAssignationFilterTest" time="2.432"/>
  <testcase name="validateInputParameters_should_throw_exception_if_json_structure_is_invalid" classname="com.bonitasoft.processbuilder.filter.ActionBasedTaskAssignationFilterTest" time="0.03"/>
  <testcase name="validateInputParameters_should_throw_exception_if_input_is_null" classname="com.bonitasoft.processbuilder.filter.ActionBasedTaskAssignationFilterTest" time="0.008"/>
</testsuite>